TN:
SF:app.js
FNF:0
FNH:0
DA:1,2
DA:2,2
DA:3,2
DA:4,2
DA:6,2
DA:7,2
DA:9,2
DA:11,2
DA:12,2
DA:13,2
DA:18,2
DA:19,2
DA:21,2
LF:13
LH:13
BRF:0
BRH:0
end_of_record
TN:
SF:controllers\url.js
FN:4,(anonymous_0)
FN:26,(anonymous_1)
FN:51,(anonymous_2)
FNF:3
FNH:3
FNDA:2,(anonymous_0)
FNDA:1,(anonymous_1)
FNDA:1,(anonymous_2)
DA:1,2
DA:2,2
DA:4,2
DA:5,2
DA:6,2
DA:8,2
DA:10,2
DA:12,2
DA:13,2
DA:20,2
DA:22,0
DA:26,2
DA:27,1
DA:28,1
DA:31,1
DA:33,1
DA:34,0
DA:38,1
DA:41,1
DA:44,1
DA:46,0
DA:47,0
DA:51,2
DA:52,1
DA:54,1
DA:55,1
DA:57,1
DA:58,0
DA:61,1
DA:66,0
DA:67,0
DA:71,2
LF:32
LH:25
BRDA:8,0,0,0
BRDA:8,0,1,2
BRDA:33,1,0,0
BRDA:33,1,1,1
BRDA:57,2,0,0
BRDA:57,2,1,1
BRF:6
BRH:3
end_of_record
TN:
SF:controllers\user.js
FN:6,(anonymous_0)
FN:17,(anonymous_1)
FN:31,(anonymous_2)
FN:35,(anonymous_3)
FN:42,(anonymous_4)
FN:52,(anonymous_5)
FN:58,(anonymous_6)
FN:62,(anonymous_7)
FNF:8
FNH:2
FNDA:3,(anonymous_0)
FNDA:2,(anonymous_1)
FNDA:0,(anonymous_2)
FNDA:0,(anonymous_3)
FNDA:0,(anonymous_4)
FNDA:0,(anonymous_5)
FNDA:0,(anonymous_6)
FNDA:0,(anonymous_7)
DA:1,2
DA:2,2
DA:3,2
DA:4,2
DA:6,2
DA:7,3
DA:8,3
DA:9,3
DA:11,3
DA:13,3
DA:14,3
DA:17,2
DA:18,2
DA:20,2
DA:21,2
DA:23,2
DA:24,2
DA:26,2
DA:28,2
DA:31,2
DA:32,0
DA:35,2
DA:36,0
DA:37,0
DA:39,0
DA:42,2
DA:43,0
DA:44,0
DA:45,0
DA:48,0
DA:49,0
DA:52,2
DA:53,0
DA:54,0
DA:58,2
DA:59,0
DA:60,0
DA:62,0
DA:70,0
DA:72,0
DA:73,0
DA:78,2
LF:42
LH:25
BRDA:9,0,0,0
BRDA:9,0,1,3
BRDA:21,1,0,0
BRDA:21,1,1,2
BRDA:24,2,0,0
BRDA:24,2,1,2
BRDA:37,3,0,0
BRDA:37,3,1,0
BRDA:44,4,0,0
BRDA:44,4,1,0
BRF:10
BRH:3
end_of_record
TN:
SF:middlewares\authenticateJWT.js
FN:3,(anonymous_0)
FNF:1
FNH:1
FNDA:3,(anonymous_0)
DA:1,2
DA:3,2
DA:4,3
DA:6,3
DA:8,3
DA:9,3
DA:10,3
DA:11,3
DA:13,0
DA:17,2
LF:10
LH:9
BRDA:6,0,0,0
BRDA:6,0,1,3
BRF:2
BRH:1
end_of_record
TN:
SF:models\url.js
FNF:0
FNH:0
DA:1,2
DA:3,2
DA:24,2
DA:26,2
LF:4
LH:4
BRF:0
BRH:0
end_of_record
TN:
SF:models\user.js
FNF:0
FNH:0
DA:1,2
DA:3,2
DA:22,2
DA:24,2
LF:4
LH:4
BRF:0
BRH:0
end_of_record
TN:
SF:routes\url.js
FNF:0
FNH:0
DA:1,2
DA:2,2
DA:3,2
DA:5,2
DA:7,2
DA:9,2
DA:11,2
DA:13,2
LF:8
LH:8
BRF:0
BRH:0
end_of_record
TN:
SF:routes\user.js
FNF:0
FNH:0
DA:1,2
DA:10,2
DA:12,2
DA:14,2
DA:16,2
DA:17,2
DA:18,2
DA:20,2
DA:21,2
DA:22,2
DA:24,2
DA:26,2
LF:12
LH:12
BRF:0
BRH:0
end_of_record
TN:
SF:tests\setup.js
FN:9,(anonymous_0)
FN:19,(anonymous_1)
FN:25,(anonymous_2)
FNF:3
FNH:3
FNDA:2,(anonymous_0)
FNDA:2,(anonymous_1)
FNDA:4,(anonymous_2)
DA:1,2
DA:2,2
DA:3,2
DA:5,2
DA:9,2
DA:10,2
DA:11,2
DA:13,2
DA:19,2
DA:20,2
DA:21,2
DA:22,2
DA:25,2
DA:26,4
DA:27,4
DA:28,8
DA:32,2
LF:17
LH:17
BRF:0
BRH:0
end_of_record
